0 info it worked if it ends with ok
1 verbose cli [ '/usr/local/Cellar/node/5.0.0/bin/node',
1 verbose cli   '/usr/local/bin/npm',
1 verbose cli   'start' ]
2 info using npm@3.3.9
3 info using node@v5.0.0
4 verbose run-script [ 'prestart', 'start', 'poststart' ]
5 info lifecycle github-garden@0.0.1~prestart: github-garden@0.0.1
6 silly lifecycle github-garden@0.0.1~prestart: no script for prestart, continuing
7 info lifecycle github-garden@0.0.1~start: github-garden@0.0.1
8 verbose lifecycle github-garden@0.0.1~start: unsafe-perm in lifecycle true
9 verbose lifecycle github-garden@0.0.1~start: PATH: /usr/local/lib/node_modules/npm/bin/node-gyp-bin:/Users/Sho/src/github-garden/node_modules/.bin:/Library/Java/JavaVirtualMachines/jdk1.8.0_45.jdk/Contents/Home/bin:/Users/Sho/bin:/usr/local/bin:/sbin:/usr/local/bin:/usr/bin:/bin:/usr/sbin:/sbin:/opt/X11/bin/bin:/Users/Sho/bin:/Users/Sho/go/bin:/Users/Sho/go/bin
10 verbose lifecycle github-garden@0.0.1~start: CWD: /Users/Sho/src/github-garden
11 silly lifecycle github-garden@0.0.1~start: Args: [ '-c', 'electron main.js' ]
12 silly lifecycle github-garden@0.0.1~start: Returned: code: 1  signal: null
13 info lifecycle github-garden@0.0.1~start: Failed to exec start script
14 verbose stack Error: github-garden@0.0.1 start: `electron main.js`
14 verbose stack Exit status 1
14 verbose stack     at EventEmitter.<anonymous> (/usr/local/lib/node_modules/npm/lib/utils/lifecycle.js:233:16)
14 verbose stack     at emitTwo (events.js:87:13)
14 verbose stack     at EventEmitter.emit (events.js:172:7)
14 verbose stack     at ChildProcess.<anonymous> (/usr/local/lib/node_modules/npm/lib/utils/spawn.js:24:14)
14 verbose stack     at emitTwo (events.js:87:13)
14 verbose stack     at ChildProcess.emit (events.js:172:7)
14 verbose stack     at maybeClose (internal/child_process.js:818:16)
14 verbose stack     at Process.ChildProcess._handle.onexit (internal/child_process.js:211:5)
15 verbose pkgid github-garden@0.0.1
16 verbose cwd /Users/Sho/src/github-garden
17 error Darwin 15.0.0
18 error argv "/usr/local/Cellar/node/5.0.0/bin/node" "/usr/local/bin/npm" "start"
19 error node v5.0.0
20 error npm  v3.3.9
21 error code ELIFECYCLE
22 error github-garden@0.0.1 start: `electron main.js`
22 error Exit status 1
23 error Failed at the github-garden@0.0.1 start script 'electron main.js'.
23 error This is most likely a problem with the github-garden package,
23 error not with npm itself.
23 error Tell the author that this fails on your system:
23 error     electron main.js
23 error You can get their info via:
23 error     npm owner ls github-garden
23 error There is likely additional logging output above.
24 verbose exit [ 1, true ]
